mode: set
gitlab.ozon.dev/qa/classroom-4/act-device-api/256_homeworks/hw3/greeter.go:10.42,14.28 2 1
gitlab.ozon.dev/qa/classroom-4/act-device-api/256_homeworks/hw3/greeter.go:18.2,18.28 1 1
gitlab.ozon.dev/qa/classroom-4/act-device-api/256_homeworks/hw3/greeter.go:26.2,29.43 2 1
gitlab.ozon.dev/qa/classroom-4/act-device-api/256_homeworks/hw3/greeter.go:42.2,42.68 1 1
gitlab.ozon.dev/qa/classroom-4/act-device-api/256_homeworks/hw3/greeter.go:14.28,16.3 1 1
gitlab.ozon.dev/qa/classroom-4/act-device-api/256_homeworks/hw3/greeter.go:18.28,21.3 1 1
gitlab.ozon.dev/qa/classroom-4/act-device-api/256_homeworks/hw3/greeter.go:21.8,21.36 1 1
gitlab.ozon.dev/qa/classroom-4/act-device-api/256_homeworks/hw3/greeter.go:21.36,23.3 1 1
gitlab.ozon.dev/qa/classroom-4/act-device-api/256_homeworks/hw3/greeter.go:23.8,23.36 1 1
gitlab.ozon.dev/qa/classroom-4/act-device-api/256_homeworks/hw3/greeter.go:23.36,25.3 1 1
gitlab.ozon.dev/qa/classroom-4/act-device-api/256_homeworks/hw3/greeter.go:29.43,32.31 3 1
gitlab.ozon.dev/qa/classroom-4/act-device-api/256_homeworks/hw3/greeter.go:39.3,39.71 1 1
gitlab.ozon.dev/qa/classroom-4/act-device-api/256_homeworks/hw3/greeter.go:32.31,33.17 1 1
gitlab.ozon.dev/qa/classroom-4/act-device-api/256_homeworks/hw3/greeter.go:33.17,35.5 1 1
gitlab.ozon.dev/qa/classroom-4/act-device-api/256_homeworks/hw3/greeter.go:35.10,37.5 1 1
