<?xml version="1.0" encoding="UTF-8"?>
<robot generator="Robot 5.0 (Python 3.10.4 on win32)" generated="20220428 21:46:04.715" rpa="false" schemaversion="3">
<suite id="s1" name="Tests" source="D:\Деньги\QA\Courses\Ex_Files_Robot_LVL_1_Selenium\Exercise Files\Ozon_Tests\tests">
<suite id="s1-s1" name="Ozon" source="D:\Деньги\QA\Courses\Ex_Files_Robot_LVL_1_Selenium\Exercise Files\Ozon_Tests\tests\Ozon.robot">
<test id="s1-s1-t1" name="User should be able to open &quot;Пункты выдачи&quot; page" line="13">
<kw name="Start Test" library="Common" type="SETUP">
<kw name="Open Browser" library="SeleniumLibrary">
<arg>about:blank</arg>
<arg>${brow}</arg>
<doc>Opens a new browser instance to the optional ``url``.</doc>
<msg timestamp="20220428 21:46:04.965" level="INFO">Opening browser 'edge' to base url 'about:blank'.</msg>
<status status="PASS" starttime="20220428 21:46:04.965" endtime="20220428 21:46:06.628"/>
</kw>
<status status="PASS" starttime="20220428 21:46:04.950" endtime="20220428 21:46:06.628"/>
</kw>
<kw name="Open a page" library="OzonApp">
<kw name="Open main page" library="MainPage">
<kw name="Go To" library="SeleniumLibrary">
<arg>${URL}</arg>
<doc>Navigates the current browser window to the provided ``url``.</doc>
<msg timestamp="20220428 21:46:06.636" level="INFO">Opening url 'https://www.ozon.ru'</msg>
<status status="PASS" starttime="20220428 21:46:06.636" endtime="20220428 21:46:07.408"/>
</kw>
<status status="PASS" starttime="20220428 21:46:06.635" endtime="20220428 21:46:07.408"/>
</kw>
<kw name="Click menu link" library="TopMenu">
<kw name="Click Element" library="SeleniumLibrary">
<arg>${topmenu_stores_link_css_locator}</arg>
<doc>Click the element identified by ``locator``.</doc>
<msg timestamp="20220428 21:46:07.409" level="INFO">Clicking element 'css=#layoutPage &gt; div.gt &gt; div.c9q &gt; div &gt; ul &gt; li:nth-child(7) &gt; div &gt; a'.</msg>
<status status="PASS" starttime="20220428 21:46:07.409" endtime="20220428 21:46:08.431"/>
</kw>
<status status="PASS" starttime="20220428 21:46:07.408" endtime="20220428 21:46:08.431"/>
</kw>
<status status="PASS" starttime="20220428 21:46:06.635" endtime="20220428 21:46:08.431"/>
</kw>
<kw name="Verify stores list page is opened" library="OzonApp">
<kw name="Verify header name" library="StoresList">
<kw name="Wait Until Element Contains" library="SeleniumLibrary">
<arg>${stores_list_heading_tag}</arg>
<arg>${stores_list_heading}</arg>
<doc>Waits until the element ``locator`` contains ``text``.</doc>
<status status="PASS" starttime="20220428 21:46:08.433" endtime="20220428 21:46:08.873"/>
</kw>
<status status="PASS" starttime="20220428 21:46:08.433" endtime="20220428 21:46:08.873"/>
</kw>
<status status="PASS" starttime="20220428 21:46:08.432" endtime="20220428 21:46:08.873"/>
</kw>
<kw name="End Test" library="Common" type="TEARDOWN">
<kw name="Close Browser" library="SeleniumLibrary">
<doc>Closes the current browser.</doc>
<status status="PASS" starttime="20220428 21:46:08.874" endtime="20220428 21:46:11.133"/>
</kw>
<status status="PASS" starttime="20220428 21:46:08.873" endtime="20220428 21:46:11.133"/>
</kw>
<tag>Stores</tag>
<status status="PASS" starttime="20220428 21:46:04.950" endtime="20220428 21:46:11.133"/>
</test>
<test id="s1-s1-t2" name="&quot;Пункты выдачи&quot; page should allow to select a store" line="18">
<kw name="Start Test" library="Common" type="SETUP">
<kw name="Open Browser" library="SeleniumLibrary">
<arg>about:blank</arg>
<arg>${brow}</arg>
<doc>Opens a new browser instance to the optional ``url``.</doc>
<msg timestamp="20220428 21:46:11.133" level="INFO">Opening browser 'edge' to base url 'about:blank'.</msg>
<status status="PASS" starttime="20220428 21:46:11.133" endtime="20220428 21:46:12.373"/>
</kw>
<status status="PASS" starttime="20220428 21:46:11.133" endtime="20220428 21:46:12.373"/>
</kw>
<kw name="Open a page" library="OzonApp">
<kw name="Open main page" library="MainPage">
<kw name="Go To" library="SeleniumLibrary">
<arg>${URL}</arg>
<doc>Navigates the current browser window to the provided ``url``.</doc>
<msg timestamp="20220428 21:46:12.379" level="INFO">Opening url 'https://www.ozon.ru'</msg>
<status status="PASS" starttime="20220428 21:46:12.379" endtime="20220428 21:46:13.244"/>
</kw>
<status status="PASS" starttime="20220428 21:46:12.379" endtime="20220428 21:46:13.244"/>
</kw>
<kw name="Click menu link" library="TopMenu">
<kw name="Click Element" library="SeleniumLibrary">
<arg>${topmenu_stores_link_css_locator}</arg>
<doc>Click the element identified by ``locator``.</doc>
<msg timestamp="20220428 21:46:13.245" level="INFO">Clicking element 'css=#layoutPage &gt; div.gt &gt; div.c9q &gt; div &gt; ul &gt; li:nth-child(7) &gt; div &gt; a'.</msg>
<status status="PASS" starttime="20220428 21:46:13.245" endtime="20220428 21:46:14.831"/>
</kw>
<status status="PASS" starttime="20220428 21:46:13.244" endtime="20220428 21:46:14.831"/>
</kw>
<status status="PASS" starttime="20220428 21:46:12.378" endtime="20220428 21:46:14.831"/>
</kw>
<kw name="Verify stores list page is opened" library="OzonApp">
<kw name="Verify header name" library="StoresList">
<kw name="Wait Until Element Contains" library="SeleniumLibrary">
<arg>${stores_list_heading_tag}</arg>
<arg>${stores_list_heading}</arg>
<doc>Waits until the element ``locator`` contains ``text``.</doc>
<status status="PASS" starttime="20220428 21:46:14.832" endtime="20220428 21:46:14.883"/>
</kw>
<status status="PASS" starttime="20220428 21:46:14.832" endtime="20220428 21:46:14.884"/>
</kw>
<status status="PASS" starttime="20220428 21:46:14.832" endtime="20220428 21:46:14.884"/>
</kw>
<kw name="Verify stores list page contains selector" library="OzonApp">
<kw name="Verify selector exists" library="StoresList">
<kw name="Wait Until Element Contains" library="SeleniumLibrary">
<arg>${stores_selector_locator}</arg>
<arg>${stores_selector_heading}</arg>
<doc>Waits until the element ``locator`` contains ``text``.</doc>
<status status="PASS" starttime="20220428 21:46:14.884" endtime="20220428 21:46:14.963"/>
</kw>
<status status="PASS" starttime="20220428 21:46:14.884" endtime="20220428 21:46:14.963"/>
</kw>
<status status="PASS" starttime="20220428 21:46:14.884" endtime="20220428 21:46:14.963"/>
</kw>
<kw name="End Test" library="Common" type="TEARDOWN">
<kw name="Close Browser" library="SeleniumLibrary">
<doc>Closes the current browser.</doc>
<status status="PASS" starttime="20220428 21:46:14.963" endtime="20220428 21:46:17.159"/>
</kw>
<status status="PASS" starttime="20220428 21:46:14.963" endtime="20220428 21:46:17.159"/>
</kw>
<tag>Stores selector</tag>
<status status="PASS" starttime="20220428 21:46:11.133" endtime="20220428 21:46:17.159"/>
</test>
<doc>First test suite</doc>
<status status="PASS" starttime="20220428 21:46:04.747" endtime="20220428 21:46:17.159"/>
</suite>
<status status="PASS" starttime="20220428 21:46:04.731" endtime="20220428 21:46:17.159"/>
</suite>
<statistics>
<total>
<stat pass="2" fail="0" skip="0">All Tests</stat>
</total>
<tag>
<stat pass="1" fail="0" skip="0">Stores</stat>
<stat pass="1" fail="0" skip="0">Stores selector</stat>
</tag>
<suite>
<stat pass="2" fail="0" skip="0" id="s1" name="Tests">Tests</stat>
<stat pass="2" fail="0" skip="0" id="s1-s1" name="Ozon">Tests.Ozon</stat>
</suite>
</statistics>
<errors>
</errors>
</robot>
